<?xml version="1.0" encoding="UTF-8"?>
<!-- Generated by org.testng.reporters.JUnitXMLReporter -->
<testsuite ignored="0" hostname="LAPTOP-9H2ESQ8I" failures="0" tests="4" name="Test" time="10.131" errors="0" timestamp="2023-06-29T12:52:34 EDT">
  <testcase classname="com.testRunner.CucumberRunner" name="test1" time="0.007"/>
  <testcase classname="io.cucumber.testng.AbstractTestNGCucumberTests" name="runScenario" time="3.854"/>
  <testcase classname="io.cucumber.testng.AbstractTestNGCucumberTests" name="runScenario" time="1.997"/>
  <testcase classname="io.cucumber.testng.AbstractTestNGCucumberTests" name="runScenario" time="3.438"/>
</testsuite> <!-- Test -->
