<?xml version="1.0" encoding="UTF-8"?>
<!-- Generated by org.testng.reporters.JUnitXMLReporter -->
<testsuite ignored="0" hostname="LAPTOP-9H2ESQ8I" failures="0" tests="4" name="Test" time="10.27" errors="0" timestamp="2023-07-01T12:47:20 EDT">
  <testcase classname="com.testRunner.CucumberRunner" name="test1" time="0.003"/>
  <testcase classname="io.cucumber.testng.AbstractTestNGCucumberTests" name="runScenario" time="5.259"/>
  <testcase classname="io.cucumber.testng.AbstractTestNGCucumberTests" name="runScenario" time="2.046"/>
  <testcase classname="io.cucumber.testng.AbstractTestNGCucumberTests" name="runScenario" time="2.014"/>
</testsuite> <!-- Test -->
