<?xml version="1.0" encoding="UTF-8"?>
<!-- Generated by org.testng.reporters.JUnitXMLReporter -->
<testsuite ignored="0" hostname="LAPTOP-9H2ESQ8I" failures="0" tests="4" name="Test" time="5.236" errors="0" timestamp="2023-06-24T14:22:23 EDT">
  <testcase classname="com.testRunner.CucumberRunner" name="test1" time="0.001"/>
  <testcase classname="io.cucumber.testng.AbstractTestNGCucumberTests" name="runScenario" time="2.185"/>
  <testcase classname="io.cucumber.testng.AbstractTestNGCucumberTests" name="runScenario" time="1.487"/>
  <testcase classname="io.cucumber.testng.AbstractTestNGCucumberTests" name="runScenario" time="1.19"/>
</testsuite> <!-- Test -->
